{"/Users/shayneosullivan/projects/vue-fuse/src/components/VueFuse.vue": {"path":"/Users/shayneosullivan/projects/vue-fuse/src/components/VueFuse.vue","statementMap":{"0":{"start":{"line":5,"column":0},"end":{"line":null,"column":-1}},"1":{"start":{"line":10,"column":0},"end":{"line":null,"column":-1}},"2":{"start":{"line":34,"column":0},"end":{"line":null,"column":-1}},"3":{"start":{"line":39,"column":0},"end":{"line":42,"column":0}},"4":{"start":{"line":40,"column":0},"end":{"line":null,"column":-1}},"5":{"start":{"line":41,"column":0},"end":{"line":null,"column":-1}},"6":{"start":{"line":45,"column":0},"end":{"line":null,"column":-1}},"7":{"start":{"line":46,"column":0},"end":{"line":null,"column":-1}},"8":{"start":{"line":49,"column":0},"end":{"line":null,"column":-1}},"9":{"start":{"line":52,"column":0},"end":{"line":null,"column":-1}},"10":{"start":{"line":53,"column":0},"end":{"line":null,"column":-1}},"11":{"start":{"line":56,"column":0},"end":{"line":null,"column":-1}},"12":{"start":{"line":61,"column":0},"end":{"line":63,"column":0}},"13":{"start":{"line":62,"column":0},"end":{"line":null,"column":-1}},"14":{"start":{"line":66,"column":0},"end":{"line":null,"column":-1}},"15":{"start":{"line":67,"column":0},"end":{"line":null,"column":-1}},"16":{"start":{"line":68,"column":0},"end":{"line":70,"column":0}},"17":{"start":{"line":69,"column":0},"end":{"line":null,"column":-1}},"18":{"start":{"line":71,"column":0},"end":{"line":73,"column":0}},"19":{"start":{"line":72,"column":0},"end":{"line":null,"column":-1}},"20":{"start":{"line":76,"column":0},"end":{"line":84,"column":0}},"21":{"start":{"line":77,"column":0},"end":{"line":81,"column":0}},"22":{"start":{"line":78,"column":0},"end":{"line":null,"column":-1}},"23":{"start":{"line":80,"column":0},"end":{"line":null,"column":-1}},"24":{"start":{"line":83,"column":0},"end":{"line":null,"column":-1}},"25":{"start":{"line":88,"column":0},"end":{"line":null,"column":-1}}},"fnMap":{"0":{"name":"data","decl":{"start":{"line":9,"column":0},"end":{"line":null,"column":-1}},"loc":{"start":{"line":9,"column":0},"end":{"line":15,"column":0}}},"1":{"name":"_default","decl":{"start":{"line":34,"column":0},"end":{"line":null,"column":-1}},"loc":{"start":{"line":34,"column":0},"end":{"line":null,"column":-1}}},"2":{"name":"list","decl":{"start":{"line":38,"column":0},"end":{"line":null,"column":-1}},"loc":{"start":{"line":38,"column":0},"end":{"line":43,"column":0}}},"3":{"name":"fuseOpts","decl":{"start":{"line":44,"column":0},"end":{"line":null,"column":-1}},"loc":{"start":{"line":44,"column":0},"end":{"line":47,"column":0}}},"4":{"name":"search","decl":{"start":{"line":48,"column":0},"end":{"line":null,"column":-1}},"loc":{"start":{"line":48,"column":0},"end":{"line":50,"column":0}}},"5":{"name":"value","decl":{"start":{"line":51,"column":0},"end":{"line":null,"column":-1}},"loc":{"start":{"line":51,"column":0},"end":{"line":54,"column":0}}},"6":{"name":"result","decl":{"start":{"line":55,"column":0},"end":{"line":null,"column":-1}},"loc":{"start":{"line":55,"column":0},"end":{"line":57,"column":0}}},"7":{"name":"defaultAllList","decl":{"start":{"line":60,"column":0},"end":{"line":null,"column":-1}},"loc":{"start":{"line":60,"column":0},"end":{"line":64,"column":0}}},"8":{"name":"(anonymous_9)","decl":{"start":{"line":61,"column":0},"end":{"line":null,"column":-1}},"loc":{"start":{"line":61,"column":0},"end":{"line":63,"column":0}}},"9":{"name":"initFuse","decl":{"start":{"line":65,"column":0},"end":{"line":null,"column":-1}},"loc":{"start":{"line":65,"column":0},"end":{"line":74,"column":0}}},"10":{"name":"fuseSearch","decl":{"start":{"line":75,"column":0},"end":{"line":null,"column":-1}},"loc":{"start":{"line":75,"column":0},"end":{"line":85,"column":0}}},"11":{"name":"mounted","decl":{"start":{"line":87,"column":0},"end":{"line":null,"column":-1}},"loc":{"start":{"line":87,"column":0},"end":{"line":89,"column":0}}}},"branchMap":{"0":{"loc":{"start":{"line":39,"column":0},"end":{"line":42,"column":0}},"type":"if","locations":[{"start":{"line":39,"column":0},"end":{"line":42,"column":0}},{"start":{"line":39,"column":0},"end":{"line":42,"column":0}}]},"1":{"loc":{"start":{"line":68,"column":0},"end":{"line":70,"column":0}},"type":"if","locations":[{"start":{"line":68,"column":0},"end":{"line":70,"column":0}},{"start":{"line":68,"column":0},"end":{"line":70,"column":0}}]},"2":{"loc":{"start":{"line":71,"column":0},"end":{"line":73,"column":0}},"type":"if","locations":[{"start":{"line":71,"column":0},"end":{"line":73,"column":0}},{"start":{"line":71,"column":0},"end":{"line":73,"column":0}}]},"3":{"loc":{"start":{"line":76,"column":0},"end":{"line":84,"column":0}},"type":"if","locations":[{"start":{"line":76,"column":0},"end":{"line":84,"column":0}},{"start":{"line":76,"column":0},"end":{"line":84,"column":0}}]},"4":{"loc":{"start":{"line":77,"column":0},"end":{"line":81,"column":0}},"type":"if","locations":[{"start":{"line":77,"column":0},"end":{"line":81,"column":0}},{"start":{"line":77,"column":0},"end":{"line":81,"column":0}}]}},"s":{"0":1,"1":2,"2":0,"3":2,"4":2,"5":2,"6":0,"7":0,"8":2,"9":6,"10":6,"11":10,"12":3,"13":15,"14":2,"15":2,"16":2,"17":2,"18":2,"19":0,"20":8,"21":2,"22":1,"23":1,"24":6,"25":2},"f":{"0":2,"1":0,"2":2,"3":0,"4":2,"5":6,"6":10,"7":3,"8":15,"9":2,"10":8,"11":2},"b":{"0":[2,0],"1":[2,0],"2":[0,2],"3":[2,6],"4":[1,1]}}
}
