{"/Users/shayneosullivan/projects/vue-fuse/src/components/VueFuse.vue": {"path":"/Users/shayneosullivan/projects/vue-fuse/src/components/VueFuse.vue","statementMap":{"0":{"start":{"line":9,"column":0},"end":{"line":null,"column":-1}},"1":{"start":{"line":28,"column":0},"end":{"line":null,"column":-1}},"2":{"start":{"line":40,"column":0},"end":{"line":null,"column":-1}},"3":{"start":{"line":48,"column":0},"end":{"line":51,"column":0}},"4":{"start":{"line":49,"column":0},"end":{"line":null,"column":-1}},"5":{"start":{"line":50,"column":0},"end":{"line":null,"column":-1}},"6":{"start":{"line":54,"column":0},"end":{"line":null,"column":-1}},"7":{"start":{"line":55,"column":0},"end":{"line":null,"column":-1}},"8":{"start":{"line":58,"column":0},"end":{"line":null,"column":-1}},"9":{"start":{"line":61,"column":0},"end":{"line":null,"column":-1}},"10":{"start":{"line":62,"column":0},"end":{"line":null,"column":-1}},"11":{"start":{"line":65,"column":0},"end":{"line":null,"column":-1}},"12":{"start":{"line":69,"column":0},"end":{"line":null,"column":-1}},"13":{"start":{"line":73,"column":0},"end":{"line":75,"column":0}},"14":{"start":{"line":74,"column":0},"end":{"line":null,"column":-1}},"15":{"start":{"line":76,"column":0},"end":{"line":78,"column":0}},"16":{"start":{"line":77,"column":0},"end":{"line":null,"column":-1}},"17":{"start":{"line":81,"column":0},"end":{"line":null,"column":-1}},"18":{"start":{"line":82,"column":0},"end":{"line":84,"column":0}},"19":{"start":{"line":83,"column":0},"end":{"line":null,"column":-1}},"20":{"start":{"line":85,"column":0},"end":{"line":87,"column":0}},"21":{"start":{"line":86,"column":0},"end":{"line":null,"column":-1}},"22":{"start":{"line":90,"column":0},"end":{"line":99,"column":0}},"23":{"start":{"line":91,"column":0},"end":{"line":95,"column":0}},"24":{"start":{"line":92,"column":0},"end":{"line":null,"column":-1}},"25":{"start":{"line":94,"column":0},"end":{"line":null,"column":-1}},"26":{"start":{"line":97,"column":0},"end":{"line":null,"column":-1}},"27":{"start":{"line":98,"column":0},"end":{"line":null,"column":-1}}},"fnMap":{"0":{"name":"_default","decl":{"start":{"line":28,"column":0},"end":{"line":null,"column":-1}},"loc":{"start":{"line":28,"column":0},"end":{"line":null,"column":-1}}},"1":{"name":"_default","decl":{"start":{"line":32,"column":0},"end":{"line":null,"column":-1}},"loc":{"start":{"line":32,"column":0},"end":{"line":null,"column":-1}}},"2":{"name":"data","decl":{"start":{"line":39,"column":0},"end":{"line":null,"column":-1}},"loc":{"start":{"line":39,"column":0},"end":{"line":45,"column":0}}},"3":{"name":"list","decl":{"start":{"line":47,"column":0},"end":{"line":null,"column":-1}},"loc":{"start":{"line":47,"column":0},"end":{"line":52,"column":0}}},"4":{"name":"fuseOpts","decl":{"start":{"line":53,"column":0},"end":{"line":null,"column":-1}},"loc":{"start":{"line":53,"column":0},"end":{"line":56,"column":0}}},"5":{"name":"search","decl":{"start":{"line":57,"column":0},"end":{"line":null,"column":-1}},"loc":{"start":{"line":57,"column":0},"end":{"line":59,"column":0}}},"6":{"name":"value","decl":{"start":{"line":60,"column":0},"end":{"line":null,"column":-1}},"loc":{"start":{"line":60,"column":0},"end":{"line":63,"column":0}}},"7":{"name":"result","decl":{"start":{"line":64,"column":0},"end":{"line":null,"column":-1}},"loc":{"start":{"line":64,"column":0},"end":{"line":66,"column":0}}},"8":{"name":"mounted","decl":{"start":{"line":68,"column":0},"end":{"line":null,"column":-1}},"loc":{"start":{"line":68,"column":0},"end":{"line":70,"column":0}}},"9":{"name":"defaultAllList","decl":{"start":{"line":72,"column":0},"end":{"line":null,"column":-1}},"loc":{"start":{"line":72,"column":0},"end":{"line":79,"column":0}}},"10":{"name":"(anonymous_11)","decl":{"start":{"line":76,"column":0},"end":{"line":null,"column":-1}},"loc":{"start":{"line":76,"column":0},"end":{"line":78,"column":0}}},"11":{"name":"initFuse","decl":{"start":{"line":80,"column":0},"end":{"line":null,"column":-1}},"loc":{"start":{"line":80,"column":0},"end":{"line":88,"column":0}}},"12":{"name":"fuseSearch","decl":{"start":{"line":89,"column":0},"end":{"line":null,"column":-1}},"loc":{"start":{"line":89,"column":0},"end":{"line":100,"column":0}}},"13":{"name":"(anonymous_14)","decl":{"start":{"line":98,"column":0},"end":{"line":null,"column":-1}},"loc":{"start":{"line":98,"column":0},"end":{"line":null,"column":-1}}}},"branchMap":{"0":{"loc":{"start":{"line":48,"column":0},"end":{"line":51,"column":0}},"type":"if","locations":[{"start":{"line":48,"column":0},"end":{"line":51,"column":0}},{"start":{"line":48,"column":0},"end":{"line":51,"column":0}}]},"1":{"loc":{"start":{"line":73,"column":0},"end":{"line":75,"column":0}},"type":"if","locations":[{"start":{"line":73,"column":0},"end":{"line":75,"column":0}},{"start":{"line":73,"column":0},"end":{"line":75,"column":0}}]},"2":{"loc":{"start":{"line":82,"column":0},"end":{"line":84,"column":0}},"type":"if","locations":[{"start":{"line":82,"column":0},"end":{"line":84,"column":0}},{"start":{"line":82,"column":0},"end":{"line":84,"column":0}}]},"3":{"loc":{"start":{"line":85,"column":0},"end":{"line":87,"column":0}},"type":"if","locations":[{"start":{"line":85,"column":0},"end":{"line":87,"column":0}},{"start":{"line":85,"column":0},"end":{"line":87,"column":0}}]},"4":{"loc":{"start":{"line":90,"column":0},"end":{"line":99,"column":0}},"type":"if","locations":[{"start":{"line":90,"column":0},"end":{"line":99,"column":0}},{"start":{"line":90,"column":0},"end":{"line":99,"column":0}}]},"5":{"loc":{"start":{"line":91,"column":0},"end":{"line":95,"column":0}},"type":"if","locations":[{"start":{"line":91,"column":0},"end":{"line":95,"column":0}},{"start":{"line":91,"column":0},"end":{"line":95,"column":0}}]},"6":{"loc":{"start":{"line":98,"column":0},"end":{"line":null,"column":-1}},"type":"cond-expr","locations":[{"start":{"line":98,"column":0},"end":{"line":null,"column":-1}},{"start":{"line":98,"column":0},"end":{"line":null,"column":-1}}]}},"s":{"0":1,"1":0,"2":3,"3":2,"4":2,"5":2,"6":0,"7":0,"8":3,"9":7,"10":7,"11":12,"12":3,"13":4,"14":1,"15":3,"16":15,"17":3,"18":3,"19":3,"20":3,"21":0,"22":9,"23":2,"24":1,"25":1,"26":7,"27":8},"f":{"0":0,"1":0,"2":3,"3":2,"4":0,"5":3,"6":7,"7":12,"8":3,"9":4,"10":15,"11":3,"12":9,"13":1},"b":{"0":[2,0],"1":[1,3],"2":[3,0],"3":[0,3],"4":[2,7],"5":[1,1],"6":[1,6]}}
}
