TN:
SF:/Users/shayneosullivan/projects/vue-fuse/src/components/VueFuse.vue
FN:8,data
FN:96,options
FN:119,list
FN:123,search
FN:126,value
FN:131,result
FN:137,initFuse
FN:146,fuseSearch
FN:161,ready
FN:167,mounted
FNF:10
FNH:9
FNDA:1,data
FNDA:2,options
FNDA:2,list
FNDA:1,search
FNDA:5,value
FNDA:8,result
FNDA:2,initFuse
FNDA:7,fuseSearch
FNDA:0,ready
FNDA:1,mounted
DA:5,1
DA:9,1
DA:97,2
DA:112,2
DA:113,0
DA:115,2
DA:120,2
DA:121,2
DA:124,1
DA:127,5
DA:128,5
DA:129,5
DA:132,8
DA:133,8
DA:138,2
DA:139,2
DA:140,1
DA:142,2
DA:143,1
DA:147,7
DA:148,2
DA:149,1
DA:151,1
DA:154,5
DA:162,0
DA:168,1
LF:26
LH:24
BRDA:112,0,0,0
BRDA:112,0,1,2
BRDA:139,1,0,1
BRDA:139,1,1,1
BRDA:142,2,0,1
BRDA:142,2,1,1
BRDA:147,3,0,2
BRDA:147,3,1,5
BRDA:148,4,0,1
BRDA:148,4,1,1
BRF:10
BRH:9
end_of_record
