TN:
SF:/Users/shayneosullivan/projects/vue-fuse/src/components/VueFuse.vue
FN:9,data
FN:34,_default
FN:38,list
FN:44,fuseOpts
FN:48,search
FN:51,value
FN:55,result
FN:60,defaultAllList
FN:61,(anonymous_9)
FN:65,initFuse
FN:75,fuseSearch
FN:87,mounted
FNF:12
FNH:10
FNDA:2,data
FNDA:0,_default
FNDA:2,list
FNDA:0,fuseOpts
FNDA:2,search
FNDA:6,value
FNDA:10,result
FNDA:3,defaultAllList
FNDA:15,(anonymous_9)
FNDA:2,initFuse
FNDA:8,fuseSearch
FNDA:2,mounted
DA:5,1
DA:10,2
DA:34,0
DA:39,2
DA:40,2
DA:41,2
DA:45,0
DA:46,0
DA:49,2
DA:52,6
DA:53,6
DA:56,10
DA:61,3
DA:62,15
DA:66,2
DA:67,2
DA:68,2
DA:69,2
DA:71,2
DA:72,0
DA:76,8
DA:77,2
DA:78,1
DA:80,1
DA:83,6
DA:88,2
LF:26
LH:22
BRDA:39,0,0,2
BRDA:39,0,1,0
BRDA:68,1,0,2
BRDA:68,1,1,0
BRDA:71,2,0,0
BRDA:71,2,1,2
BRDA:76,3,0,2
BRDA:76,3,1,6
BRDA:77,4,0,1
BRDA:77,4,1,1
BRF:10
BRH:7
end_of_record
